\BOOKMARK [1][-]{section.1}{Introducci\363n}{}% 1
\BOOKMARK [1][-]{section.2}{Ejercicio 1: Vamos a buscar la respuesta a P=NP!}{}% 2
\BOOKMARK [2][-]{subsection.2.1}{Descripci\363n del problema}{section.2}% 3
\BOOKMARK [2][-]{subsection.2.2}{Soluci\363n propuesta}{section.2}% 4
\BOOKMARK [3][-]{subsubsection.2.2.1}{Detalles implementativos}{subsection.2.2}% 5
\BOOKMARK [2][-]{subsection.2.3}{Complejidad te\363rica}{section.2}% 6
\BOOKMARK [2][-]{subsection.2.4}{Experimentaci\363n}{section.2}% 7
\BOOKMARK [1][-]{section.3}{Ejercicio 2: Problemas en el camino}{}% 8
\BOOKMARK [2][-]{subsection.3.1}{Descripci\363n del problema}{section.3}% 9
\BOOKMARK [2][-]{subsection.3.2}{Soluci\363n propuesta}{section.3}% 10
\BOOKMARK [3][-]{subsubsection.3.2.1}{Implementaci\363n}{subsection.3.2}% 11
\BOOKMARK [3][-]{subsubsection.3.2.2}{Demostraci\363n de correctitud}{subsection.3.2}% 12
\BOOKMARK [2][-]{subsection.3.3}{Complejidad te\363rica}{section.3}% 13
\BOOKMARK [2][-]{subsection.3.4}{Experimentacion}{section.3}% 14
\BOOKMARK [1][-]{section.4}{Ejercicio 3: Si esto no es el tesoro, el tesoro d\363nde est\341}{}% 15
\BOOKMARK [2][-]{subsection.4.1}{Descripci\363n del problema}{section.4}% 16
\BOOKMARK [2][-]{subsection.4.2}{Soluci\363n propuesta}{section.4}% 17
\BOOKMARK [2][-]{subsection.4.3}{Complejidad te\363rica}{section.4}% 18
\BOOKMARK [2][-]{subsection.4.4}{Experimentaci\363n}{section.4}% 19
\BOOKMARK [1][-]{appendix.Alph1}{Ap\351ndice}{}% 20
\BOOKMARK [2][-]{subsection.Alph1.1}{Tabla de tiempos del Ejercicio 1}{appendix.Alph1}% 21
